# JRE version: OpenJDK Runtime Environment (11.0.2+9) (build 11.0.2+9)
# Java VM: OpenJDK 64-Bit Server VM (11.0.2+9, mixed mode, tiered, compressed oops, g1 gc, windows-amd64)
Heap:
 garbage-first heap   total 262144K, used 74585K [0x00000000e0000000, 0x0000000100000000)
  region size 1024K, 59 young (60416K), 7 survivors (7168K)
 Metaspace       used 39895K, capacity 40968K, committed 41088K, reserved 290816K
  class space    used 5333K, capacity 5719K, committed 5760K, reserved 253952K
GC Heap History (10 events):
Event: 1.526 GC heap before
{Heap before GC invocations=0 (full 0):
 garbage-first heap   total 262144K, used 29696K [0x00000000e0000000, 0x0000000100000000)
  region size 1024K, 24 young (24576K), 0 survivors (0K)
 Metaspace       used 9981K, capacity 10210K, committed 10368K, reserved 264192K
  class space    used 1036K, capacity 1107K, committed 1152K, reserved 253952K
}
Event: 1.534 GC heap after
{Heap after GC invocations=1 (full 0):
 garbage-first heap   total 262144K, used 9368K [0x00000000e0000000, 0x0000000100000000)
  region size 1024K, 3 young (3072K), 3 survivors (3072K)
 Metaspace       used 9981K, capacity 10210K, committed 10368K, reserved 264192K
  class space    used 1036K, capacity 1107K, committed 1152K, reserved 253952K
}
Event: 5.211 GC heap before
{Heap before GC invocations=1 (full 0):
 garbage-first heap   total 262144K, used 109720K [0x00000000e0000000, 0x0000000100000000)
  region size 1024K, 102 young (104448K), 3 survivors (3072K)
 Metaspace       used 20661K, capacity 21091K, committed 21248K, reserved 272384K
  class space    used 2516K, capacity 2701K, committed 2816K, reserved 253952K
}
Event: 5.226 GC heap after
{Heap after GC invocations=2 (full 0):
 garbage-first heap   total 262144K, used 16938K [0x00000000e0000000, 0x0000000100000000)
  region size 1024K, 11 young (11264K), 11 survivors (11264K)
 Metaspace       used 20661K, capacity 21091K, committed 21248K, reserved 272384K
  class space    used 2516K, capacity 2701K, committed 2816K, reserved 253952K
}
Event: 5.823 GC heap before
{Heap before GC invocations=3 (full 0):
 garbage-first heap   total 262144K, used 38442K [0x00000000e0000000, 0x0000000100000000)
  region size 1024K, 32 young (32768K), 11 survivors (11264K)
 Metaspace       used 22623K, capacity 23150K, committed 23296K, reserved 274432K
  class space    used 2862K, capacity 3052K, committed 3072K, reserved 253952K
}
Event: 5.832 GC heap after
{Heap after GC invocations=4 (full 0):
 garbage-first heap   total 262144K, used 18059K [0x00000000e0000000, 0x0000000100000000)
  region size 1024K, 2 young (2048K), 2 survivors (2048K)
 Metaspace       used 22623K, capacity 23150K, committed 23296K, reserved 274432K
  class space    used 2862K, capacity 3052K, committed 3072K, reserved 253952K
}
Event: 8.312 GC heap before
{Heap before GC invocations=4 (full 0):
 garbage-first heap   total 262144K, used 121483K [0x00000000e0000000, 0x0000000100000000)
  region size 1024K, 104 young (106496K), 2 survivors (2048K)
 Metaspace       used 32922K, capacity 33903K, committed 34048K, reserved 284672K
  class space    used 4423K, capacity 4772K, committed 4864K, reserved 253952K
}
Event: 8.319 GC heap after
{Heap after GC invocations=5 (full 0):
 garbage-first heap   total 262144K, used 22691K [0x00000000e0000000, 0x0000000100000000)
  region size 1024K, 6 young (6144K), 6 survivors (6144K)
 Metaspace       used 32922K, capacity 33903K, committed 34048K, reserved 284672K
  class space    used 4423K, capacity 4772K, committed 4864K, reserved 253952K
}
Event: 8.581 GC heap before
{Heap before GC invocations=5 (full 0):
 garbage-first heap   total 262144K, used 36003K [0x00000000e0000000, 0x0000000100000000)
  region size 1024K, 20 young (20480K), 6 survivors (6144K)
 Metaspace       used 34855K, capacity 35822K, committed 35840K, reserved 286720K
  class space    used 4657K, capacity 4986K, committed 4992K, reserved 253952K
}
Event: 8.595 GC heap after
{Heap after GC invocations=6 (full 0):
 garbage-first heap   total 262144K, used 23385K [0x00000000e0000000, 0x0000000100000000)
  region size 1024K, 7 young (7168K), 7 survivors (7168K)
 Metaspace       used 34855K, capacity 35822K, committed 35840K, reserved 286720K
  class space    used 4657K, capacity 4986K, committed 4992K, reserved 253952K
}

