# JRE version: OpenJDK Runtime Environment Temurin-17.0.13+11 (17.0.13+11) (build 17.0.13+11)
# Java VM: OpenJDK 64-Bit Server VM Temurin-17.0.13+11 (17.0.13+11, mixed mode, tiered, compressed oops, compressed class ptrs, parallel gc, windows-amd64)
GC Precious Log:
 CPUs: 8 total, 8 available
 Memory: 6060M
 Large Page Support: Disabled
 NUMA Support: Disabled
 Compressed Oops: Enabled (32-bit)
 Alignments: Space 512K, Generation 512K, Heap 2M
 Heap Min Capacity: 100M
 Heap Initial Capacity: 100M
 Heap Max Capacity: 1G
 Pre-touch: Disabled
 Parallel Workers: 8
Heap:
 PSYoungGen      total 5120K, used 4296K [0x00000000eab00000, 0x00000000eb200000, 0x0000000100000000)
  eden space 3072K, 75% used [0x00000000eab00000,0x00000000ead425d0,0x00000000eae00000)
  from space 2048K, 99% used [0x00000000eb000000,0x00000000eb1fefb8,0x00000000eb200000)
  to   space 1536K, 0% used [0x00000000eae00000,0x00000000eae00000,0x00000000eaf80000)
 ParOldGen       total 191488K, used 171106K [0x00000000c0000000, 0x00000000cbb00000, 0x00000000eab00000)
  object space 191488K, 89% used [0x00000000c0000000,0x00000000ca718860,0x00000000cbb00000)
 Metaspace       used 55783K, committed 56768K, reserved 1114112K
  class space    used 5965K, committed 6400K, reserved 1048576K
GC Heap History (20 events):
Event: 36.953 GC heap before
{Heap before GC invocations=112 (full 6):
 PSYoungGen      total 4096K, used 3888K [0x00000000eab00000, 0x00000000eb000000, 0x0000000100000000)
  eden space 3072K, 100% used [0x00000000eab00000,0x00000000eae00000,0x00000000eae00000)
  from space 1024K, 79% used [0x00000000eae00000,0x00000000eaecc328,0x00000000eaf00000)
  to   space 1024K, 0% used [0x00000000eaf00000,0x00000000eaf00000,0x00000000eb000000)
 ParOldGen       total 172032K, used 169569K [0x00000000c0000000, 0x00000000ca800000, 0x00000000eab00000)
  object space 172032K, 98% used [0x00000000c0000000,0x00000000ca5985b0,0x00000000ca800000)
 Metaspace       used 55783K, committed 56768K, reserved 1114112K
  class space    used 5965K, committed 6400K, reserved 1048576K
}
Event: 36.956 GC heap after
{Heap after GC invocations=112 (full 6):
 PSYoungGen      total 4096K, used 801K [0x00000000eab00000, 0x00000000eb000000, 0x0000000100000000)
  eden space 3072K, 0% used [0x00000000eab00000,0x00000000eab00000,0x00000000eae00000)
  from space 1024K, 78% used [0x00000000eaf00000,0x00000000eafc84c0,0x00000000eb000000)
  to   space 1024K, 0% used [0x00000000eae00000,0x00000000eae00000,0x00000000eaf00000)
 ParOldGen       total 172032K, used 170258K [0x00000000c0000000, 0x00000000ca800000, 0x00000000eab00000)
  object space 172032K, 98% used [0x00000000c0000000,0x00000000ca6448e0,0x00000000ca800000)
 Metaspace       used 55783K, committed 56768K, reserved 1114112K
  class space    used 5965K, committed 6400K, reserved 1048576K
}
Event: 37.041 GC heap before
{Heap before GC invocations=113 (full 6):
 PSYoungGen      total 4096K, used 3873K [0x00000000eab00000, 0x00000000eb000000, 0x0000000100000000)
  eden space 3072K, 100% used [0x00000000eab00000,0x00000000eae00000,0x00000000eae00000)
  from space 1024K, 78% used [0x00000000eaf00000,0x00000000eafc84c0,0x00000000eb000000)
  to   space 1024K, 0% used [0x00000000eae00000,0x00000000eae00000,0x00000000eaf00000)
 ParOldGen       total 172032K, used 170258K [0x00000000c0000000, 0x00000000ca800000, 0x00000000eab00000)
  object space 172032K, 98% used [0x00000000c0000000,0x00000000ca6448e0,0x00000000ca800000)
 Metaspace       used 55783K, committed 56768K, reserved 1114112K
  class space    used 5965K, committed 6400K, reserved 1048576K
}
Event: 37.044 GC heap after
{Heap after GC invocations=113 (full 6):
 PSYoungGen      total 4096K, used 863K [0x00000000eab00000, 0x00000000eb000000, 0x0000000100000000)
  eden space 3072K, 0% used [0x00000000eab00000,0x00000000eab00000,0x00000000eae00000)
  from space 1024K, 84% used [0x00000000eae00000,0x00000000eaed7c18,0x00000000eaf00000)
  to   space 1024K, 0% used [0x00000000eaf00000,0x00000000eaf00000,0x00000000eb000000)
 ParOldGen       total 172032K, used 170950K [0x00000000c0000000, 0x00000000ca800000, 0x00000000eab00000)
  object space 172032K, 99% used [0x00000000c0000000,0x00000000ca6f1a20,0x00000000ca800000)
 Metaspace       used 55783K, committed 56768K, reserved 1114112K
  class space    used 5965K, committed 6400K, reserved 1048576K
}
Event: 37.125 GC heap before
{Heap before GC invocations=114 (full 6):
 PSYoungGen      total 4096K, used 3935K [0x00000000eab00000, 0x00000000eb000000, 0x0000000100000000)
  eden space 3072K, 100% used [0x00000000eab00000,0x00000000eae00000,0x00000000eae00000)
  from space 1024K, 84% used [0x00000000eae00000,0x00000000eaed7c18,0x00000000eaf00000)
  to   space 1024K, 0% used [0x00000000eaf00000,0x00000000eaf00000,0x00000000eb000000)
 ParOldGen       total 172032K, used 170950K [0x00000000c0000000, 0x00000000ca800000, 0x00000000eab00000)
  object space 172032K, 99% used [0x00000000c0000000,0x00000000ca6f1a20,0x00000000ca800000)
 Metaspace       used 55783K, committed 56768K, reserved 1114112K
  class space    used 5965K, committed 6400K, reserved 1048576K
}
Event: 37.128 GC heap after
{Heap after GC invocations=114 (full 6):
 PSYoungGen      total 4096K, used 915K [0x00000000eab00000, 0x00000000eb000000, 0x0000000100000000)
  eden space 3072K, 0% used [0x00000000eab00000,0x00000000eab00000,0x00000000eae00000)
  from space 1024K, 89% used [0x00000000eaf00000,0x00000000eafe4c30,0x00000000eb000000)
  to   space 1024K, 0% used [0x00000000eae00000,0x00000000eae00000,0x00000000eaf00000)
 ParOldGen       total 172032K, used 171708K [0x00000000c0000000, 0x00000000ca800000, 0x00000000eab00000)
  object space 172032K, 99% used [0x00000000c0000000,0x00000000ca7af2c0,0x00000000ca800000)
 Metaspace       used 55783K, committed 56768K, reserved 1114112K
  class space    used 5965K, committed 6400K, reserved 1048576K
}
Event: 37.191 GC heap before
{Heap before GC invocations=115 (full 7):
 PSYoungGen      total 4096K, used 3987K [0x00000000eab00000, 0x00000000eb000000, 0x0000000100000000)
  eden space 3072K, 100% used [0x00000000eab00000,0x00000000eae00000,0x00000000eae00000)
  from space 1024K, 89% used [0x00000000eaf00000,0x00000000eafe4c30,0x00000000eb000000)
  to   space 1024K, 0% used [0x00000000eae00000,0x00000000eae00000,0x00000000eaf00000)
 ParOldGen       total 172032K, used 171708K [0x00000000c0000000, 0x00000000ca800000, 0x00000000eab00000)
  object space 172032K, 99% used [0x00000000c0000000,0x00000000ca7af2c0,0x00000000ca800000)
 Metaspace       used 55783K, committed 56768K, reserved 1114112K
  class space    used 5965K, committed 6400K, reserved 1048576K
}
Event: 37.686 GC heap after
{Heap after GC invocations=115 (full 7):
 PSYoungGen      total 4096K, used 0K [0x00000000eab00000, 0x00000000eb000000, 0x0000000100000000)
  eden space 3072K, 0% used [0x00000000eab00000,0x00000000eab00000,0x00000000eae00000)
  from space 1024K, 0% used [0x00000000eae00000,0x00000000eae00000,0x00000000eaf00000)
  to   space 1024K, 0% used [0x00000000eaf00000,0x00000000eaf00000,0x00000000eb000000)
 ParOldGen       total 191488K, used 168118K [0x00000000c0000000, 0x00000000cbb00000, 0x00000000eab00000)
  object space 191488K, 87% used [0x00000000c0000000,0x00000000ca42db58,0x00000000cbb00000)
 Metaspace       used 55783K, committed 56768K, reserved 1114112K
  class space    used 5965K, committed 6400K, reserved 1048576K
}
Event: 37.734 GC heap before
{Heap before GC invocations=116 (full 7):
 PSYoungGen      total 4096K, used 3072K [0x00000000eab00000, 0x00000000eb000000, 0x0000000100000000)
  eden space 3072K, 100% used [0x00000000eab00000,0x00000000eae00000,0x00000000eae00000)
  from space 1024K, 0% used [0x00000000eae00000,0x00000000eae00000,0x00000000eaf00000)
  to   space 1024K, 0% used [0x00000000eaf00000,0x00000000eaf00000,0x00000000eb000000)
 ParOldGen       total 191488K, used 168118K [0x00000000c0000000, 0x00000000cbb00000, 0x00000000eab00000)
  object space 191488K, 87% used [0x00000000c0000000,0x00000000ca42db58,0x00000000cbb00000)
 Metaspace       used 55783K, committed 56768K, reserved 1114112K
  class space    used 5965K, committed 6400K, reserved 1048576K
}
Event: 37.736 GC heap after
{Heap after GC invocations=116 (full 7):
 PSYoungGen      total 4096K, used 806K [0x00000000eab00000, 0x00000000eb000000, 0x0000000100000000)
  eden space 3072K, 0% used [0x00000000eab00000,0x00000000eab00000,0x00000000eae00000)
  from space 1024K, 78% used [0x00000000eaf00000,0x00000000eafc99f8,0x00000000eb000000)
  to   space 1024K, 0% used [0x00000000eae00000,0x00000000eae00000,0x00000000eaf00000)
 ParOldGen       total 191488K, used 168118K [0x00000000c0000000, 0x00000000cbb00000, 0x00000000eab00000)
  object space 191488K, 87% used [0x00000000c0000000,0x00000000ca42db58,0x00000000cbb00000)
 Metaspace       used 55783K, committed 56768K, reserved 1114112K
  class space    used 5965K, committed 6400K, reserved 1048576K
}
Event: 37.840 GC heap before
{Heap before GC invocations=117 (full 7):
 PSYoungGen      total 4096K, used 3878K [0x00000000eab00000, 0x00000000eb000000, 0x0000000100000000)
  eden space 3072K, 100% used [0x00000000eab00000,0x00000000eae00000,0x00000000eae00000)
  from space 1024K, 78% used [0x00000000eaf00000,0x00000000eafc99f8,0x00000000eb000000)
  to   space 1024K, 0% used [0x00000000eae00000,0x00000000eae00000,0x00000000eaf00000)
 ParOldGen       total 191488K, used 168118K [0x00000000c0000000, 0x00000000cbb00000, 0x00000000eab00000)
  object space 191488K, 87% used [0x00000000c0000000,0x00000000ca42db58,0x00000000cbb00000)
 Metaspace       used 55783K, committed 56768K, reserved 1114112K
  class space    used 5965K, committed 6400K, reserved 1048576K
}
Event: 37.843 GC heap after
{Heap after GC invocations=117 (full 7):
 PSYoungGen      total 4096K, used 1015K [0x00000000eab00000, 0x00000000eb200000, 0x0000000100000000)
  eden space 3072K, 0% used [0x00000000eab00000,0x00000000eab00000,0x00000000eae00000)
  from space 1024K, 99% used [0x00000000eae00000,0x00000000eaefdf30,0x00000000eaf00000)
  to   space 2048K, 0% used [0x00000000eb000000,0x00000000eb000000,0x00000000eb200000)
 ParOldGen       total 191488K, used 168587K [0x00000000c0000000, 0x00000000cbb00000, 0x00000000eab00000)
  object space 191488K, 88% used [0x00000000c0000000,0x00000000ca4a2c78,0x00000000cbb00000)
 Metaspace       used 55783K, committed 56768K, reserved 1114112K
  class space    used 5965K, committed 6400K, reserved 1048576K
}
Event: 37.894 GC heap before
{Heap before GC invocations=118 (full 7):
 PSYoungGen      total 4096K, used 4087K [0x00000000eab00000, 0x00000000eb200000, 0x0000000100000000)
  eden space 3072K, 100% used [0x00000000eab00000,0x00000000eae00000,0x00000000eae00000)
  from space 1024K, 99% used [0x00000000eae00000,0x00000000eaefdf30,0x00000000eaf00000)
  to   space 2048K, 0% used [0x00000000eb000000,0x00000000eb000000,0x00000000eb200000)
 ParOldGen       total 191488K, used 168587K [0x00000000c0000000, 0x00000000cbb00000, 0x00000000eab00000)
  object space 191488K, 88% used [0x00000000c0000000,0x00000000ca4a2c78,0x00000000cbb00000)
 Metaspace       used 55783K, committed 56768K, reserved 1114112K
  class space    used 5965K, committed 6400K, reserved 1048576K
}
Event: 37.897 GC heap after
{Heap after GC invocations=118 (full 7):
 PSYoungGen      total 4096K, used 759K [0x00000000eab00000, 0x00000000eb100000, 0x0000000100000000)
  eden space 3072K, 0% used [0x00000000eab00000,0x00000000eab00000,0x00000000eae00000)
  from space 1024K, 74% used [0x00000000eb000000,0x00000000eb0bdfa8,0x00000000eb100000)
  to   space 1024K, 0% used [0x00000000eae00000,0x00000000eae00000,0x00000000eaf00000)
 ParOldGen       total 191488K, used 169583K [0x00000000c0000000, 0x00000000cbb00000, 0x00000000eab00000)
  object space 191488K, 88% used [0x00000000c0000000,0x00000000ca59bc58,0x00000000cbb00000)
 Metaspace       used 55783K, committed 56768K, reserved 1114112K
  class space    used 5965K, committed 6400K, reserved 1048576K
}
Event: 37.939 GC heap before
{Heap before GC invocations=119 (full 7):
 PSYoungGen      total 4096K, used 3831K [0x00000000eab00000, 0x00000000eb100000, 0x0000000100000000)
  eden space 3072K, 100% used [0x00000000eab00000,0x00000000eae00000,0x00000000eae00000)
  from space 1024K, 74% used [0x00000000eb000000,0x00000000eb0bdfa8,0x00000000eb100000)
  to   space 1024K, 0% used [0x00000000eae00000,0x00000000eae00000,0x00000000eaf00000)
 ParOldGen       total 191488K, used 169583K [0x00000000c0000000, 0x00000000cbb00000, 0x00000000eab00000)
  object space 191488K, 88% used [0x00000000c0000000,0x00000000ca59bc58,0x00000000cbb00000)
 Metaspace       used 55783K, committed 56768K, reserved 1114112K
  class space    used 5965K, committed 6400K, reserved 1048576K
}
Event: 37.943 GC heap after
{Heap after GC invocations=119 (full 7):
 PSYoungGen      total 4096K, used 1015K [0x00000000eab00000, 0x00000000eb200000, 0x0000000100000000)
  eden space 3072K, 0% used [0x00000000eab00000,0x00000000eab00000,0x00000000eae00000)
  from space 1024K, 99% used [0x00000000eae00000,0x00000000eaefdfa8,0x00000000eaf00000)
  to   space 2048K, 0% used [0x00000000eb000000,0x00000000eb000000,0x00000000eb200000)
 ParOldGen       total 191488K, used 169995K [0x00000000c0000000, 0x00000000cbb00000, 0x00000000eab00000)
  object space 191488K, 88% used [0x00000000c0000000,0x00000000ca602e00,0x00000000cbb00000)
 Metaspace       used 55783K, committed 56768K, reserved 1114112K
  class space    used 5965K, committed 6400K, reserved 1048576K
}
Event: 38.019 GC heap before
{Heap before GC invocations=120 (full 7):
 PSYoungGen      total 4096K, used 4087K [0x00000000eab00000, 0x00000000eb200000, 0x0000000100000000)
  eden space 3072K, 100% used [0x00000000eab00000,0x00000000eae00000,0x00000000eae00000)
  from space 1024K, 99% used [0x00000000eae00000,0x00000000eaefdfa8,0x00000000eaf00000)
  to   space 2048K, 0% used [0x00000000eb000000,0x00000000eb000000,0x00000000eb200000)
 ParOldGen       total 191488K, used 169995K [0x00000000c0000000, 0x00000000cbb00000, 0x00000000eab00000)
  object space 191488K, 88% used [0x00000000c0000000,0x00000000ca602e00,0x00000000cbb00000)
 Metaspace       used 55783K, committed 56768K, reserved 1114112K
  class space    used 5965K, committed 6400K, reserved 1048576K
}
Event: 38.022 GC heap after
{Heap after GC invocations=120 (full 7):
 PSYoungGen      total 4096K, used 824K [0x00000000eab00000, 0x00000000eb100000, 0x0000000100000000)
  eden space 3072K, 0% used [0x00000000eab00000,0x00000000eab00000,0x00000000eae00000)
  from space 1024K, 80% used [0x00000000eb000000,0x00000000eb0ce080,0x00000000eb100000)
  to   space 1536K, 0% used [0x00000000eae00000,0x00000000eae00000,0x00000000eaf80000)
 ParOldGen       total 191488K, used 170992K [0x00000000c0000000, 0x00000000cbb00000, 0x00000000eab00000)
  object space 191488K, 89% used [0x00000000c0000000,0x00000000ca6fc030,0x00000000cbb00000)
 Metaspace       used 55783K, committed 56768K, reserved 1114112K
  class space    used 5965K, committed 6400K, reserved 1048576K
}
Event: 38.069 GC heap before
{Heap before GC invocations=121 (full 7):
 PSYoungGen      total 4096K, used 3896K [0x00000000eab00000, 0x00000000eb100000, 0x0000000100000000)
  eden space 3072K, 100% used [0x00000000eab00000,0x00000000eae00000,0x00000000eae00000)
  from space 1024K, 80% used [0x00000000eb000000,0x00000000eb0ce080,0x00000000eb100000)
  to   space 1536K, 0% used [0x00000000eae00000,0x00000000eae00000,0x00000000eaf80000)
 ParOldGen       total 191488K, used 170992K [0x00000000c0000000, 0x00000000cbb00000, 0x00000000eab00000)
  object space 191488K, 89% used [0x00000000c0000000,0x00000000ca6fc030,0x00000000cbb00000)
 Metaspace       used 55783K, committed 56768K, reserved 1114112K
  class space    used 5965K, committed 6400K, reserved 1048576K
}
Event: 38.072 GC heap after
{Heap after GC invocations=121 (full 7):
 PSYoungGen      total 4608K, used 1515K [0x00000000eab00000, 0x00000000eb200000, 0x0000000100000000)
  eden space 3072K, 0% used [0x00000000eab00000,0x00000000eab00000,0x00000000eae00000)
  from space 1536K, 98% used [0x00000000eae00000,0x00000000eaf7aec8,0x00000000eaf80000)
  to   space 2048K, 0% used [0x00000000eb000000,0x00000000eb000000,0x00000000eb200000)
 ParOldGen       total 191488K, used 170992K [0x00000000c0000000, 0x00000000cbb00000, 0x00000000eab00000)
  object space 191488K, 89% used [0x00000000c0000000,0x00000000ca6fc030,0x00000000cbb00000)
 Metaspace       used 55783K, committed 56768K, reserved 1114112K
  class space    used 5965K, committed 6400K, reserved 1048576K
}

