# JRE version: OpenJDK Runtime Environment Temurin-17.0.13+11 (17.0.13+11) (build 17.0.13+11)
# Java VM: OpenJDK 64-Bit Server VM Temurin-17.0.13+11 (17.0.13+11, mixed mode, tiered, compressed oops, compressed class ptrs, parallel gc, windows-amd64)
GC Precious Log:
 CPUs: 8 total, 8 available
 Memory: 6060M
 Large Page Support: Disabled
 NUMA Support: Disabled
 Compressed Oops: Enabled (32-bit)
 Alignments: Space 512K, Generation 512K, Heap 2M
 Heap Min Capacity: 100M
 Heap Initial Capacity: 100M
 Heap Max Capacity: 1G
 Pre-touch: Disabled
 Parallel Workers: 8
Heap:
 PSYoungGen      total 5120K, used 1252K [0x00000000eab00000, 0x00000000eb180000, 0x0000000100000000)
  eden space 4608K, 16% used [0x00000000eab00000,0x00000000eabb9240,0x00000000eaf80000)
  from space 512K, 100% used [0x00000000eb000000,0x00000000eb080000,0x00000000eb080000)
  to   space 1024K, 0% used [0x00000000eb080000,0x00000000eb080000,0x00000000eb180000)
 ParOldGen       total 394240K, used 385396K [0x00000000c0000000, 0x00000000d8100000, 0x00000000eab00000)
  object space 394240K, 97% used [0x00000000c0000000,0x00000000d785d2b8,0x00000000d8100000)
 Metaspace       used 77800K, committed 79040K, reserved 1179648K
  class space    used 9296K, committed 9920K, reserved 1048576K
GC Heap History (20 events):
Event: 94.762 GC heap before
{Heap before GC invocations=295 (full 12):
 PSYoungGen      total 5632K, used 4982K [0x00000000eab00000, 0x00000000eb180000, 0x0000000100000000)
  eden space 4608K, 100% used [0x00000000eab00000,0x00000000eaf80000,0x00000000eaf80000)
  from space 1024K, 36% used [0x00000000eaf80000,0x00000000eafddaa0,0x00000000eb080000)
  to   space 1024K, 0% used [0x00000000eb080000,0x00000000eb080000,0x00000000eb180000)
 ParOldGen       total 394240K, used 384743K [0x00000000c0000000, 0x00000000d8100000, 0x00000000eab00000)
  object space 394240K, 97% used [0x00000000c0000000,0x00000000d77b9e90,0x00000000d8100000)
 Metaspace       used 76093K, committed 77248K, reserved 1179648K
  class space    used 9049K, committed 9600K, reserved 1048576K
}
Event: 94.764 GC heap after
{Heap after GC invocations=295 (full 12):
 PSYoungGen      total 5120K, used 277K [0x00000000eab00000, 0x00000000eb100000, 0x0000000100000000)
  eden space 4608K, 0% used [0x00000000eab00000,0x00000000eab00000,0x00000000eaf80000)
  from space 512K, 54% used [0x00000000eb080000,0x00000000eb0c54b8,0x00000000eb100000)
  to   space 512K, 0% used [0x00000000eb000000,0x00000000eb000000,0x00000000eb080000)
 ParOldGen       total 394240K, used 384807K [0x00000000c0000000, 0x00000000d8100000, 0x00000000eab00000)
  object space 394240K, 97% used [0x00000000c0000000,0x00000000d77c9e90,0x00000000d8100000)
 Metaspace       used 76093K, committed 77248K, reserved 1179648K
  class space    used 9049K, committed 9600K, reserved 1048576K
}
Event: 94.800 GC heap before
{Heap before GC invocations=296 (full 12):
 PSYoungGen      total 5120K, used 4885K [0x00000000eab00000, 0x00000000eb100000, 0x0000000100000000)
  eden space 4608K, 100% used [0x00000000eab00000,0x00000000eaf80000,0x00000000eaf80000)
  from space 512K, 54% used [0x00000000eb080000,0x00000000eb0c54b8,0x00000000eb100000)
  to   space 512K, 0% used [0x00000000eb000000,0x00000000eb000000,0x00000000eb080000)
 ParOldGen       total 394240K, used 384807K [0x00000000c0000000, 0x00000000d8100000, 0x00000000eab00000)
  object space 394240K, 97% used [0x00000000c0000000,0x00000000d77c9e90,0x00000000d8100000)
 Metaspace       used 76093K, committed 77248K, reserved 1179648K
  class space    used 9049K, committed 9600K, reserved 1048576K
}
Event: 94.801 GC heap after
{Heap after GC invocations=296 (full 12):
 PSYoungGen      total 5120K, used 352K [0x00000000eab00000, 0x00000000eb100000, 0x0000000100000000)
  eden space 4608K, 0% used [0x00000000eab00000,0x00000000eab00000,0x00000000eaf80000)
  from space 512K, 68% used [0x00000000eb000000,0x00000000eb058000,0x00000000eb080000)
  to   space 512K, 0% used [0x00000000eb080000,0x00000000eb080000,0x00000000eb100000)
 ParOldGen       total 394240K, used 384807K [0x00000000c0000000, 0x00000000d8100000, 0x00000000eab00000)
  object space 394240K, 97% used [0x00000000c0000000,0x00000000d77c9e90,0x00000000d8100000)
 Metaspace       used 76093K, committed 77248K, reserved 1179648K
  class space    used 9049K, committed 9600K, reserved 1048576K
}
Event: 94.836 GC heap before
{Heap before GC invocations=297 (full 12):
 PSYoungGen      total 5120K, used 4960K [0x00000000eab00000, 0x00000000eb100000, 0x0000000100000000)
  eden space 4608K, 100% used [0x00000000eab00000,0x00000000eaf80000,0x00000000eaf80000)
  from space 512K, 68% used [0x00000000eb000000,0x00000000eb058000,0x00000000eb080000)
  to   space 512K, 0% used [0x00000000eb080000,0x00000000eb080000,0x00000000eb100000)
 ParOldGen       total 394240K, used 384807K [0x00000000c0000000, 0x00000000d8100000, 0x00000000eab00000)
  object space 394240K, 97% used [0x00000000c0000000,0x00000000d77c9e90,0x00000000d8100000)
 Metaspace       used 76093K, committed 77248K, reserved 1179648K
  class space    used 9049K, committed 9600K, reserved 1048576K
}
Event: 94.838 GC heap after
{Heap after GC invocations=297 (full 12):
 PSYoungGen      total 5120K, used 506K [0x00000000eab00000, 0x00000000eb180000, 0x0000000100000000)
  eden space 4608K, 0% used [0x00000000eab00000,0x00000000eab00000,0x00000000eaf80000)
  from space 512K, 98% used [0x00000000eb080000,0x00000000eb0fe8f8,0x00000000eb100000)
  to   space 1024K, 0% used [0x00000000eaf80000,0x00000000eaf80000,0x00000000eb080000)
 ParOldGen       total 394240K, used 385156K [0x00000000c0000000, 0x00000000d8100000, 0x00000000eab00000)
  object space 394240K, 97% used [0x00000000c0000000,0x00000000d7821298,0x00000000d8100000)
 Metaspace       used 76093K, committed 77248K, reserved 1179648K
  class space    used 9049K, committed 9600K, reserved 1048576K
}
Event: 94.864 GC heap before
{Heap before GC invocations=298 (full 12):
 PSYoungGen      total 5120K, used 5114K [0x00000000eab00000, 0x00000000eb180000, 0x0000000100000000)
  eden space 4608K, 100% used [0x00000000eab00000,0x00000000eaf80000,0x00000000eaf80000)
  from space 512K, 98% used [0x00000000eb080000,0x00000000eb0fe8f8,0x00000000eb100000)
  to   space 1024K, 0% used [0x00000000eaf80000,0x00000000eaf80000,0x00000000eb080000)
 ParOldGen       total 394240K, used 385156K [0x00000000c0000000, 0x00000000d8100000, 0x00000000eab00000)
  object space 394240K, 97% used [0x00000000c0000000,0x00000000d7821298,0x00000000d8100000)
 Metaspace       used 76093K, committed 77248K, reserved 1179648K
  class space    used 9049K, committed 9600K, reserved 1048576K
}
Event: 94.867 GC heap after
{Heap after GC invocations=298 (full 12):
 PSYoungGen      total 5632K, used 997K [0x00000000eab00000, 0x00000000eb280000, 0x0000000100000000)
  eden space 4608K, 0% used [0x00000000eab00000,0x00000000eab00000,0x00000000eaf80000)
  from space 1024K, 97% used [0x00000000eaf80000,0x00000000eb0795d0,0x00000000eb080000)
  to   space 1536K, 0% used [0x00000000eb100000,0x00000000eb100000,0x00000000eb280000)
 ParOldGen       total 394240K, used 385204K [0x00000000c0000000, 0x00000000d8100000, 0x00000000eab00000)
  object space 394240K, 97% used [0x00000000c0000000,0x00000000d782d298,0x00000000d8100000)
 Metaspace       used 76093K, committed 77248K, reserved 1179648K
  class space    used 9049K, committed 9600K, reserved 1048576K
}
Event: 94.896 GC heap before
{Heap before GC invocations=299 (full 12):
 PSYoungGen      total 5632K, used 5605K [0x00000000eab00000, 0x00000000eb280000, 0x0000000100000000)
  eden space 4608K, 100% used [0x00000000eab00000,0x00000000eaf80000,0x00000000eaf80000)
  from space 1024K, 97% used [0x00000000eaf80000,0x00000000eb0795d0,0x00000000eb080000)
  to   space 1536K, 0% used [0x00000000eb100000,0x00000000eb100000,0x00000000eb280000)
 ParOldGen       total 394240K, used 385204K [0x00000000c0000000, 0x00000000d8100000, 0x00000000eab00000)
  object space 394240K, 97% used [0x00000000c0000000,0x00000000d782d298,0x00000000d8100000)
 Metaspace       used 76093K, committed 77248K, reserved 1179648K
  class space    used 9049K, committed 9600K, reserved 1048576K
}
Event: 94.898 GC heap after
{Heap after GC invocations=299 (full 12):
 PSYoungGen      total 5632K, used 960K [0x00000000eab00000, 0x00000000eb200000, 0x0000000100000000)
  eden space 4608K, 0% used [0x00000000eab00000,0x00000000eab00000,0x00000000eaf80000)
  from space 1024K, 93% used [0x00000000eb100000,0x00000000eb1f0190,0x00000000eb200000)
  to   space 1024K, 0% used [0x00000000eaf80000,0x00000000eaf80000,0x00000000eb080000)
 ParOldGen       total 394240K, used 385204K [0x00000000c0000000, 0x00000000d8100000, 0x00000000eab00000)
  object space 394240K, 97% used [0x00000000c0000000,0x00000000d782d298,0x00000000d8100000)
 Metaspace       used 76093K, committed 77248K, reserved 1179648K
  class space    used 9049K, committed 9600K, reserved 1048576K
}
Event: 94.930 GC heap before
{Heap before GC invocations=300 (full 12):
 PSYoungGen      total 5632K, used 5568K [0x00000000eab00000, 0x00000000eb200000, 0x0000000100000000)
  eden space 4608K, 100% used [0x00000000eab00000,0x00000000eaf80000,0x00000000eaf80000)
  from space 1024K, 93% used [0x00000000eb100000,0x00000000eb1f0190,0x00000000eb200000)
  to   space 1024K, 0% used [0x00000000eaf80000,0x00000000eaf80000,0x00000000eb080000)
 ParOldGen       total 394240K, used 385204K [0x00000000c0000000, 0x00000000d8100000, 0x00000000eab00000)
  object space 394240K, 97% used [0x00000000c0000000,0x00000000d782d298,0x00000000d8100000)
 Metaspace       used 76093K, committed 77248K, reserved 1179648K
  class space    used 9049K, committed 9600K, reserved 1048576K
}
Event: 94.932 GC heap after
{Heap after GC invocations=300 (full 12):
 PSYoungGen      total 5632K, used 427K [0x00000000eab00000, 0x00000000eb180000, 0x0000000100000000)
  eden space 4608K, 0% used [0x00000000eab00000,0x00000000eab00000,0x00000000eaf80000)
  from space 1024K, 41% used [0x00000000eaf80000,0x00000000eafead40,0x00000000eb080000)
  to   space 1024K, 0% used [0x00000000eb080000,0x00000000eb080000,0x00000000eb180000)
 ParOldGen       total 394240K, used 385244K [0x00000000c0000000, 0x00000000d8100000, 0x00000000eab00000)
  object space 394240K, 97% used [0x00000000c0000000,0x00000000d7837298,0x00000000d8100000)
 Metaspace       used 76093K, committed 77248K, reserved 1179648K
  class space    used 9049K, committed 9600K, reserved 1048576K
}
Event: 94.998 GC heap before
{Heap before GC invocations=301 (full 12):
 PSYoungGen      total 5632K, used 5035K [0x00000000eab00000, 0x00000000eb180000, 0x0000000100000000)
  eden space 4608K, 100% used [0x00000000eab00000,0x00000000eaf80000,0x00000000eaf80000)
  from space 1024K, 41% used [0x00000000eaf80000,0x00000000eafead40,0x00000000eb080000)
  to   space 1024K, 0% used [0x00000000eb080000,0x00000000eb080000,0x00000000eb180000)
 ParOldGen       total 394240K, used 385244K [0x00000000c0000000, 0x00000000d8100000, 0x00000000eab00000)
  object space 394240K, 97% used [0x00000000c0000000,0x00000000d7837298,0x00000000d8100000)
 Metaspace       used 76258K, committed 77376K, reserved 1179648K
  class space    used 9078K, committed 9600K, reserved 1048576K
}
Event: 95.001 GC heap after
{Heap after GC invocations=301 (full 12):
 PSYoungGen      total 5120K, used 224K [0x00000000eab00000, 0x00000000eb100000, 0x0000000100000000)
  eden space 4608K, 0% used [0x00000000eab00000,0x00000000eab00000,0x00000000eaf80000)
  from space 512K, 43% used [0x00000000eb080000,0x00000000eb0b8000,0x00000000eb100000)
  to   space 512K, 0% used [0x00000000eb000000,0x00000000eb000000,0x00000000eb080000)
 ParOldGen       total 394240K, used 385244K [0x00000000c0000000, 0x00000000d8100000, 0x00000000eab00000)
  object space 394240K, 97% used [0x00000000c0000000,0x00000000d7837298,0x00000000d8100000)
 Metaspace       used 76258K, committed 77376K, reserved 1179648K
  class space    used 9078K, committed 9600K, reserved 1048576K
}
Event: 95.360 GC heap before
{Heap before GC invocations=302 (full 12):
 PSYoungGen      total 5120K, used 4832K [0x00000000eab00000, 0x00000000eb100000, 0x0000000100000000)
  eden space 4608K, 100% used [0x00000000eab00000,0x00000000eaf80000,0x00000000eaf80000)
  from space 512K, 43% used [0x00000000eb080000,0x00000000eb0b8000,0x00000000eb100000)
  to   space 512K, 0% used [0x00000000eb000000,0x00000000eb000000,0x00000000eb080000)
 ParOldGen       total 394240K, used 385244K [0x00000000c0000000, 0x00000000d8100000, 0x00000000eab00000)
  object space 394240K, 97% used [0x00000000c0000000,0x00000000d7837298,0x00000000d8100000)
 Metaspace       used 76881K, committed 78080K, reserved 1179648K
  class space    used 9177K, committed 9728K, reserved 1048576K
}
Event: 95.362 GC heap after
{Heap after GC invocations=302 (full 12):
 PSYoungGen      total 5120K, used 320K [0x00000000eab00000, 0x00000000eb100000, 0x0000000100000000)
  eden space 4608K, 0% used [0x00000000eab00000,0x00000000eab00000,0x00000000eaf80000)
  from space 512K, 62% used [0x00000000eb000000,0x00000000eb050000,0x00000000eb080000)
  to   space 512K, 0% used [0x00000000eb080000,0x00000000eb080000,0x00000000eb100000)
 ParOldGen       total 394240K, used 385252K [0x00000000c0000000, 0x00000000d8100000, 0x00000000eab00000)
  object space 394240K, 97% used [0x00000000c0000000,0x00000000d7839298,0x00000000d8100000)
 Metaspace       used 76881K, committed 78080K, reserved 1179648K
  class space    used 9177K, committed 9728K, reserved 1048576K
}
Event: 99.732 GC heap before
{Heap before GC invocations=303 (full 12):
 PSYoungGen      total 5120K, used 4927K [0x00000000eab00000, 0x00000000eb100000, 0x0000000100000000)
  eden space 4608K, 99% used [0x00000000eab00000,0x00000000eaf7fff8,0x00000000eaf80000)
  from space 512K, 62% used [0x00000000eb000000,0x00000000eb050000,0x00000000eb080000)
  to   space 512K, 0% used [0x00000000eb080000,0x00000000eb080000,0x00000000eb100000)
 ParOldGen       total 394240K, used 385252K [0x00000000c0000000, 0x00000000d8100000, 0x00000000eab00000)
  object space 394240K, 97% used [0x00000000c0000000,0x00000000d7839298,0x00000000d8100000)
 Metaspace       used 77069K, committed 78272K, reserved 1179648K
  class space    used 9199K, committed 9792K, reserved 1048576K
}
Event: 99.735 GC heap after
{Heap after GC invocations=303 (full 12):
 PSYoungGen      total 5120K, used 416K [0x00000000eab00000, 0x00000000eb100000, 0x0000000100000000)
  eden space 4608K, 0% used [0x00000000eab00000,0x00000000eab00000,0x00000000eaf80000)
  from space 512K, 81% used [0x00000000eb080000,0x00000000eb0e8000,0x00000000eb100000)
  to   space 512K, 0% used [0x00000000eb000000,0x00000000eb000000,0x00000000eb080000)
 ParOldGen       total 394240K, used 385260K [0x00000000c0000000, 0x00000000d8100000, 0x00000000eab00000)
  object space 394240K, 97% used [0x00000000c0000000,0x00000000d783b298,0x00000000d8100000)
 Metaspace       used 77069K, committed 78272K, reserved 1179648K
  class space    used 9199K, committed 9792K, reserved 1048576K
}
Event: 100.937 GC heap before
{Heap before GC invocations=304 (full 12):
 PSYoungGen      total 5120K, used 5023K [0x00000000eab00000, 0x00000000eb100000, 0x0000000100000000)
  eden space 4608K, 99% used [0x00000000eab00000,0x00000000eaf7ffd8,0x00000000eaf80000)
  from space 512K, 81% used [0x00000000eb080000,0x00000000eb0e8000,0x00000000eb100000)
  to   space 512K, 0% used [0x00000000eb000000,0x00000000eb000000,0x00000000eb080000)
 ParOldGen       total 394240K, used 385260K [0x00000000c0000000, 0x00000000d8100000, 0x00000000eab00000)
  object space 394240K, 97% used [0x00000000c0000000,0x00000000d783b298,0x00000000d8100000)
 Metaspace       used 77755K, committed 78976K, reserved 1179648K
  class space    used 9292K, committed 9920K, reserved 1048576K
}
Event: 100.939 GC heap after
{Heap after GC invocations=304 (full 12):
 PSYoungGen      total 5120K, used 512K [0x00000000eab00000, 0x00000000eb180000, 0x0000000100000000)
  eden space 4608K, 0% used [0x00000000eab00000,0x00000000eab00000,0x00000000eaf80000)
  from space 512K, 100% used [0x00000000eb000000,0x00000000eb080000,0x00000000eb080000)
  to   space 1024K, 0% used [0x00000000eb080000,0x00000000eb080000,0x00000000eb180000)
 ParOldGen       total 394240K, used 385396K [0x00000000c0000000, 0x00000000d8100000, 0x00000000eab00000)
  object space 394240K, 97% used [0x00000000c0000000,0x00000000d785d2b8,0x00000000d8100000)
 Metaspace       used 77755K, committed 78976K, reserved 1179648K
  class space    used 9292K, committed 9920K, reserved 1048576K
}

