# JRE version: OpenJDK Runtime Environment Temurin-17.0.13+11 (17.0.13+11) (build 17.0.13+11)
# Java VM: OpenJDK 64-Bit Server VM Temurin-17.0.13+11 (17.0.13+11, mixed mode, tiered, compressed oops, compressed class ptrs, parallel gc, windows-amd64)
GC Precious Log:
 CPUs: 8 total, 8 available
 Memory: 6060M
 Large Page Support: Disabled
 NUMA Support: Disabled
 Compressed Oops: Enabled (32-bit)
 Alignments: Space 512K, Generation 512K, Heap 2M
 Heap Min Capacity: 100M
 Heap Initial Capacity: 100M
 Heap Max Capacity: 1G
 Pre-touch: Disabled
 Parallel Workers: 8
Heap:
 PSYoungGen      total 7680K, used 3273K [0x00000000eab00000, 0x00000000eb580000, 0x0000000100000000)
  eden space 4608K, 6% used [0x00000000eab00000,0x00000000eab4e650,0x00000000eaf80000)
  from space 3072K, 96% used [0x00000000eaf80000,0x00000000eb264008,0x00000000eb280000)
  to   space 3072K, 0% used [0x00000000eb280000,0x00000000eb280000,0x00000000eb580000)
 ParOldGen       total 699392K, used 464096K [0x00000000c0000000, 0x00000000eab00000, 0x00000000eab00000)
  object space 699392K, 66% used [0x00000000c0000000,0x00000000dc538168,0x00000000eab00000)
 Metaspace       used 76134K, committed 77248K, reserved 1179648K
  class space    used 8591K, committed 9088K, reserved 1048576K
GC Heap History (20 events):
Event: 103.382 GC heap before
{Heap before GC invocations=512 (full 57):
 PSYoungGen      total 7680K, used 7532K [0x00000000eab00000, 0x00000000eb700000, 0x0000000100000000)
  eden space 3072K, 99% used [0x00000000eab00000,0x00000000eadfef68,0x00000000eae00000)
  from space 4608K, 96% used [0x00000000eb280000,0x00000000eb6dc300,0x00000000eb700000)
  to   space 4608K, 0% used [0x00000000eae00000,0x00000000eae00000,0x00000000eb280000)
 ParOldGen       total 699392K, used 460814K [0x00000000c0000000, 0x00000000eab00000, 0x00000000eab00000)
  object space 699392K, 65% used [0x00000000c0000000,0x00000000dc203b38,0x00000000eab00000)
 Metaspace       used 74127K, committed 75264K, reserved 1179648K
  class space    used 8384K, committed 8896K, reserved 1048576K
}
Event: 103.388 GC heap after
{Heap after GC invocations=512 (full 57):
 PSYoungGen      total 7680K, used 3421K [0x00000000eab00000, 0x00000000eb680000, 0x0000000100000000)
  eden space 3072K, 0% used [0x00000000eab00000,0x00000000eab00000,0x00000000eae00000)
  from space 4608K, 74% used [0x00000000eae00000,0x00000000eb157448,0x00000000eb280000)
  to   space 4096K, 0% used [0x00000000eb280000,0x00000000eb280000,0x00000000eb680000)
 ParOldGen       total 699392K, used 461054K [0x00000000c0000000, 0x00000000eab00000, 0x00000000eab00000)
  object space 699392K, 65% used [0x00000000c0000000,0x00000000dc23fb38,0x00000000eab00000)
 Metaspace       used 74127K, committed 75264K, reserved 1179648K
  class space    used 8384K, committed 8896K, reserved 1048576K
}
Event: 103.415 GC heap before
{Heap before GC invocations=513 (full 57):
 PSYoungGen      total 7680K, used 6392K [0x00000000eab00000, 0x00000000eb680000, 0x0000000100000000)
  eden space 3072K, 96% used [0x00000000eab00000,0x00000000eade6fa8,0x00000000eae00000)
  from space 4608K, 74% used [0x00000000eae00000,0x00000000eb157448,0x00000000eb280000)
  to   space 4096K, 0% used [0x00000000eb280000,0x00000000eb280000,0x00000000eb680000)
 ParOldGen       total 699392K, used 461054K [0x00000000c0000000, 0x00000000eab00000, 0x00000000eab00000)
  object space 699392K, 65% used [0x00000000c0000000,0x00000000dc23fb38,0x00000000eab00000)
 Metaspace       used 74127K, committed 75264K, reserved 1179648K
  class space    used 8384K, committed 8896K, reserved 1048576K
}
Event: 103.421 GC heap after
{Heap after GC invocations=513 (full 57):
 PSYoungGen      total 7680K, used 3981K [0x00000000eab00000, 0x00000000eb680000, 0x0000000100000000)
  eden space 3584K, 0% used [0x00000000eab00000,0x00000000eab00000,0x00000000eae80000)
  from space 4096K, 97% used [0x00000000eb280000,0x00000000eb663438,0x00000000eb680000)
  to   space 4096K, 0% used [0x00000000eae80000,0x00000000eae80000,0x00000000eb280000)
 ParOldGen       total 699392K, used 461334K [0x00000000c0000000, 0x00000000eab00000, 0x00000000eab00000)
  object space 699392K, 65% used [0x00000000c0000000,0x00000000dc285b38,0x00000000eab00000)
 Metaspace       used 74127K, committed 75264K, reserved 1179648K
  class space    used 8384K, committed 8896K, reserved 1048576K
}
Event: 103.435 GC heap before
{Heap before GC invocations=514 (full 57):
 PSYoungGen      total 7680K, used 7565K [0x00000000eab00000, 0x00000000eb680000, 0x0000000100000000)
  eden space 3584K, 100% used [0x00000000eab00000,0x00000000eae80000,0x00000000eae80000)
  from space 4096K, 97% used [0x00000000eb280000,0x00000000eb663438,0x00000000eb680000)
  to   space 4096K, 0% used [0x00000000eae80000,0x00000000eae80000,0x00000000eb280000)
 ParOldGen       total 699392K, used 461334K [0x00000000c0000000, 0x00000000eab00000, 0x00000000eab00000)
  object space 699392K, 65% used [0x00000000c0000000,0x00000000dc285b38,0x00000000eab00000)
 Metaspace       used 74127K, committed 75264K, reserved 1179648K
  class space    used 8384K, committed 8896K, reserved 1048576K
}
Event: 103.440 GC heap after
{Heap after GC invocations=514 (full 57):
 PSYoungGen      total 7680K, used 3679K [0x00000000eab00000, 0x00000000eb700000, 0x0000000100000000)
  eden space 3584K, 0% used [0x00000000eab00000,0x00000000eab00000,0x00000000eae80000)
  from space 4096K, 89% used [0x00000000eae80000,0x00000000eb217dd8,0x00000000eb280000)
  to   space 4096K, 0% used [0x00000000eb300000,0x00000000eb300000,0x00000000eb700000)
 ParOldGen       total 699392K, used 461542K [0x00000000c0000000, 0x00000000eab00000, 0x00000000eab00000)
  object space 699392K, 65% used [0x00000000c0000000,0x00000000dc2b9b38,0x00000000eab00000)
 Metaspace       used 74127K, committed 75264K, reserved 1179648K
  class space    used 8384K, committed 8896K, reserved 1048576K
}
Event: 103.519 GC heap before
{Heap before GC invocations=515 (full 57):
 PSYoungGen      total 7680K, used 7263K [0x00000000eab00000, 0x00000000eb700000, 0x0000000100000000)
  eden space 3584K, 100% used [0x00000000eab00000,0x00000000eae80000,0x00000000eae80000)
  from space 4096K, 89% used [0x00000000eae80000,0x00000000eb217dd8,0x00000000eb280000)
  to   space 4096K, 0% used [0x00000000eb300000,0x00000000eb300000,0x00000000eb700000)
 ParOldGen       total 699392K, used 461542K [0x00000000c0000000, 0x00000000eab00000, 0x00000000eab00000)
  object space 699392K, 65% used [0x00000000c0000000,0x00000000dc2b9b38,0x00000000eab00000)
 Metaspace       used 74127K, committed 75264K, reserved 1179648K
  class space    used 8384K, committed 8896K, reserved 1048576K
}
Event: 103.524 GC heap after
{Heap after GC invocations=515 (full 57):
 PSYoungGen      total 8192K, used 3583K [0x00000000eab00000, 0x00000000eb700000, 0x0000000100000000)
  eden space 4096K, 0% used [0x00000000eab00000,0x00000000eab00000,0x00000000eaf00000)
  from space 4096K, 87% used [0x00000000eb300000,0x00000000eb67fdf8,0x00000000eb700000)
  to   space 4096K, 0% used [0x00000000eaf00000,0x00000000eaf00000,0x00000000eb300000)
 ParOldGen       total 699392K, used 461814K [0x00000000c0000000, 0x00000000eab00000, 0x00000000eab00000)
  object space 699392K, 66% used [0x00000000c0000000,0x00000000dc2fdb38,0x00000000eab00000)
 Metaspace       used 74127K, committed 75264K, reserved 1179648K
  class space    used 8384K, committed 8896K, reserved 1048576K
}
Event: 103.548 GC heap before
{Heap before GC invocations=516 (full 57):
 PSYoungGen      total 8192K, used 7679K [0x00000000eab00000, 0x00000000eb700000, 0x0000000100000000)
  eden space 4096K, 100% used [0x00000000eab00000,0x00000000eaf00000,0x00000000eaf00000)
  from space 4096K, 87% used [0x00000000eb300000,0x00000000eb67fdf8,0x00000000eb700000)
  to   space 4096K, 0% used [0x00000000eaf00000,0x00000000eaf00000,0x00000000eb300000)
 ParOldGen       total 699392K, used 461814K [0x00000000c0000000, 0x00000000eab00000, 0x00000000eab00000)
  object space 699392K, 66% used [0x00000000c0000000,0x00000000dc2fdb38,0x00000000eab00000)
 Metaspace       used 74128K, committed 75264K, reserved 1179648K
  class space    used 8384K, committed 8896K, reserved 1048576K
}
Event: 103.553 GC heap after
{Heap after GC invocations=516 (full 57):
 PSYoungGen      total 8192K, used 2869K [0x00000000eab00000, 0x00000000eb680000, 0x0000000100000000)
  eden space 4096K, 0% used [0x00000000eab00000,0x00000000eab00000,0x00000000eaf00000)
  from space 4096K, 70% used [0x00000000eaf00000,0x00000000eb1cd7c0,0x00000000eb300000)
  to   space 3584K, 0% used [0x00000000eb300000,0x00000000eb300000,0x00000000eb680000)
 ParOldGen       total 699392K, used 462805K [0x00000000c0000000, 0x00000000eab00000, 0x00000000eab00000)
  object space 699392K, 66% used [0x00000000c0000000,0x00000000dc3f5558,0x00000000eab00000)
 Metaspace       used 74128K, committed 75264K, reserved 1179648K
  class space    used 8384K, committed 8896K, reserved 1048576K
}
Event: 103.614 GC heap before
{Heap before GC invocations=517 (full 57):
 PSYoungGen      total 8192K, used 6965K [0x00000000eab00000, 0x00000000eb680000, 0x0000000100000000)
  eden space 4096K, 100% used [0x00000000eab00000,0x00000000eaf00000,0x00000000eaf00000)
  from space 4096K, 70% used [0x00000000eaf00000,0x00000000eb1cd7c0,0x00000000eb300000)
  to   space 3584K, 0% used [0x00000000eb300000,0x00000000eb300000,0x00000000eb680000)
 ParOldGen       total 699392K, used 462805K [0x00000000c0000000, 0x00000000eab00000, 0x00000000eab00000)
  object space 699392K, 66% used [0x00000000c0000000,0x00000000dc3f5558,0x00000000eab00000)
 Metaspace       used 74345K, committed 75456K, reserved 1179648K
  class space    used 8393K, committed 8896K, reserved 1048576K
}
Event: 103.624 GC heap after
{Heap after GC invocations=517 (full 57):
 PSYoungGen      total 7168K, used 2112K [0x00000000eab00000, 0x00000000eb580000, 0x0000000100000000)
  eden space 4608K, 0% used [0x00000000eab00000,0x00000000eab00000,0x00000000eaf80000)
  from space 2560K, 82% used [0x00000000eb300000,0x00000000eb510000,0x00000000eb580000)
  to   space 2560K, 0% used [0x00000000eb080000,0x00000000eb080000,0x00000000eb300000)
 ParOldGen       total 699392K, used 462933K [0x00000000c0000000, 0x00000000eab00000, 0x00000000eab00000)
  object space 699392K, 66% used [0x00000000c0000000,0x00000000dc415558,0x00000000eab00000)
 Metaspace       used 74345K, committed 75456K, reserved 1179648K
  class space    used 8393K, committed 8896K, reserved 1048576K
}
Event: 103.887 GC heap before
{Heap before GC invocations=518 (full 57):
 PSYoungGen      total 7168K, used 6720K [0x00000000eab00000, 0x00000000eb580000, 0x0000000100000000)
  eden space 4608K, 100% used [0x00000000eab00000,0x00000000eaf80000,0x00000000eaf80000)
  from space 2560K, 82% used [0x00000000eb300000,0x00000000eb510000,0x00000000eb580000)
  to   space 2560K, 0% used [0x00000000eb080000,0x00000000eb080000,0x00000000eb300000)
 ParOldGen       total 699392K, used 462933K [0x00000000c0000000, 0x00000000eab00000, 0x00000000eab00000)
  object space 699392K, 66% used [0x00000000c0000000,0x00000000dc415558,0x00000000eab00000)
 Metaspace       used 75071K, committed 76224K, reserved 1179648K
  class space    used 8473K, committed 9024K, reserved 1048576K
}
Event: 103.891 GC heap after
{Heap after GC invocations=518 (full 57):
 PSYoungGen      total 6656K, used 1984K [0x00000000eab00000, 0x00000000eb480000, 0x0000000100000000)
  eden space 4608K, 0% used [0x00000000eab00000,0x00000000eab00000,0x00000000eaf80000)
  from space 2048K, 96% used [0x00000000eb080000,0x00000000eb270000,0x00000000eb280000)
  to   space 2048K, 0% used [0x00000000eb280000,0x00000000eb280000,0x00000000eb480000)
 ParOldGen       total 699392K, used 463085K [0x00000000c0000000, 0x00000000eab00000, 0x00000000eab00000)
  object space 699392K, 66% used [0x00000000c0000000,0x00000000dc43b558,0x00000000eab00000)
 Metaspace       used 75071K, committed 76224K, reserved 1179648K
  class space    used 8473K, committed 9024K, reserved 1048576K
}
Event: 104.171 GC heap before
{Heap before GC invocations=519 (full 57):
 PSYoungGen      total 6656K, used 6592K [0x00000000eab00000, 0x00000000eb480000, 0x0000000100000000)
  eden space 4608K, 100% used [0x00000000eab00000,0x00000000eaf80000,0x00000000eaf80000)
  from space 2048K, 96% used [0x00000000eb080000,0x00000000eb270000,0x00000000eb280000)
  to   space 2048K, 0% used [0x00000000eb280000,0x00000000eb280000,0x00000000eb480000)
 ParOldGen       total 699392K, used 463085K [0x00000000c0000000, 0x00000000eab00000, 0x00000000eab00000)
  object space 699392K, 66% used [0x00000000c0000000,0x00000000dc43b558,0x00000000eab00000)
 Metaspace       used 75402K, committed 76544K, reserved 1179648K
  class space    used 8498K, committed 9024K, reserved 1048576K
}
Event: 104.181 GC heap after
{Heap after GC invocations=519 (full 57):
 PSYoungGen      total 6656K, used 2048K [0x00000000eab00000, 0x00000000eb480000, 0x0000000100000000)
  eden space 4608K, 0% used [0x00000000eab00000,0x00000000eab00000,0x00000000eaf80000)
  from space 2048K, 100% used [0x00000000eb280000,0x00000000eb480000,0x00000000eb480000)
  to   space 2560K, 0% used [0x00000000eaf80000,0x00000000eaf80000,0x00000000eb200000)
 ParOldGen       total 699392K, used 463445K [0x00000000c0000000, 0x00000000eab00000, 0x00000000eab00000)
  object space 699392K, 66% used [0x00000000c0000000,0x00000000dc495558,0x00000000eab00000)
 Metaspace       used 75402K, committed 76544K, reserved 1179648K
  class space    used 8498K, committed 9024K, reserved 1048576K
}
Event: 104.371 GC heap before
{Heap before GC invocations=520 (full 57):
 PSYoungGen      total 6656K, used 6656K [0x00000000eab00000, 0x00000000eb480000, 0x0000000100000000)
  eden space 4608K, 100% used [0x00000000eab00000,0x00000000eaf80000,0x00000000eaf80000)
  from space 2048K, 100% used [0x00000000eb280000,0x00000000eb480000,0x00000000eb480000)
  to   space 2560K, 0% used [0x00000000eaf80000,0x00000000eaf80000,0x00000000eb200000)
 ParOldGen       total 699392K, used 463445K [0x00000000c0000000, 0x00000000eab00000, 0x00000000eab00000)
  object space 699392K, 66% used [0x00000000c0000000,0x00000000dc495558,0x00000000eab00000)
 Metaspace       used 75598K, committed 76736K, reserved 1179648K
  class space    used 8531K, committed 9088K, reserved 1048576K
}
Event: 104.381 GC heap after
{Heap after GC invocations=520 (full 57):
 PSYoungGen      total 7168K, used 2544K [0x00000000eab00000, 0x00000000eb580000, 0x0000000100000000)
  eden space 4608K, 0% used [0x00000000eab00000,0x00000000eab00000,0x00000000eaf80000)
  from space 2560K, 99% used [0x00000000eaf80000,0x00000000eb1fc008,0x00000000eb200000)
  to   space 3072K, 0% used [0x00000000eb280000,0x00000000eb280000,0x00000000eb580000)
 ParOldGen       total 699392K, used 463741K [0x00000000c0000000, 0x00000000eab00000, 0x00000000eab00000)
  object space 699392K, 66% used [0x00000000c0000000,0x00000000dc4df558,0x00000000eab00000)
 Metaspace       used 75598K, committed 76736K, reserved 1179648K
  class space    used 8531K, committed 9088K, reserved 1048576K
}
Event: 104.523 GC heap before
{Heap before GC invocations=521 (full 57):
 PSYoungGen      total 7168K, used 7152K [0x00000000eab00000, 0x00000000eb580000, 0x0000000100000000)
  eden space 4608K, 100% used [0x00000000eab00000,0x00000000eaf80000,0x00000000eaf80000)
  from space 2560K, 99% used [0x00000000eaf80000,0x00000000eb1fc008,0x00000000eb200000)
  to   space 3072K, 0% used [0x00000000eb280000,0x00000000eb280000,0x00000000eb580000)
 ParOldGen       total 699392K, used 463741K [0x00000000c0000000, 0x00000000eab00000, 0x00000000eab00000)
  object space 699392K, 66% used [0x00000000c0000000,0x00000000dc4df558,0x00000000eab00000)
 Metaspace       used 75854K, committed 76992K, reserved 1179648K
  class space    used 8558K, committed 9088K, reserved 1048576K
}
Event: 104.534 GC heap after
{Heap after GC invocations=521 (full 57):
 PSYoungGen      total 7680K, used 2672K [0x00000000eab00000, 0x00000000eb580000, 0x0000000100000000)
  eden space 4608K, 0% used [0x00000000eab00000,0x00000000eab00000,0x00000000eaf80000)
  from space 3072K, 86% used [0x00000000eb280000,0x00000000eb51c008,0x00000000eb580000)
  to   space 3072K, 0% used [0x00000000eaf80000,0x00000000eaf80000,0x00000000eb280000)
 ParOldGen       total 699392K, used 464096K [0x00000000c0000000, 0x00000000eab00000, 0x00000000eab00000)
  object space 699392K, 66% used [0x00000000c0000000,0x00000000dc538168,0x00000000eab00000)
 Metaspace       used 75854K, committed 76992K, reserved 1179648K
  class space    used 8558K, committed 9088K, reserved 1048576K
}

