# JRE version: OpenJDK Runtime Environment (11.0.2+9) (build 11.0.2+9)
# Java VM: OpenJDK 64-Bit Server VM (11.0.2+9, mixed mode, tiered, compressed oops, g1 gc, windows-amd64)
Heap:
 garbage-first heap   total 262144K, used 98640K [0x00000000e0000000, 0x0000000100000000)
  region size 1024K, 81 young (82944K), 7 survivors (7168K)
 Metaspace       used 42547K, capacity 43746K, committed 43904K, reserved 296960K
  class space    used 5611K, capacity 6011K, committed 6016K, reserved 253952K
GC Heap History (10 events):
Event: 3.940 GC heap before
{Heap before GC invocations=0 (full 0):
 garbage-first heap   total 262144K, used 29696K [0x00000000e0000000, 0x0000000100000000)
  region size 1024K, 24 young (24576K), 0 survivors (0K)
 Metaspace       used 9972K, capacity 10198K, committed 10368K, reserved 264192K
  class space    used 1034K, capacity 1107K, committed 1152K, reserved 253952K
}
Event: 3.952 GC heap after
{Heap after GC invocations=1 (full 0):
 garbage-first heap   total 262144K, used 9187K [0x00000000e0000000, 0x0000000100000000)
  region size 1024K, 3 young (3072K), 3 survivors (3072K)
 Metaspace       used 9972K, capacity 10198K, committed 10368K, reserved 264192K
  class space    used 1034K, capacity 1107K, committed 1152K, reserved 253952K
}
Event: 13.220 GC heap before
{Heap before GC invocations=1 (full 0):
 garbage-first heap   total 262144K, used 109539K [0x00000000e0000000, 0x0000000100000000)
  region size 1024K, 102 young (104448K), 3 survivors (3072K)
 Metaspace       used 20693K, capacity 21079K, committed 21248K, reserved 272384K
  class space    used 2516K, capacity 2701K, committed 2816K, reserved 253952K
}
Event: 13.238 GC heap after
{Heap after GC invocations=2 (full 0):
 garbage-first heap   total 262144K, used 17072K [0x00000000e0000000, 0x0000000100000000)
  region size 1024K, 11 young (11264K), 11 survivors (11264K)
 Metaspace       used 20693K, capacity 21079K, committed 21248K, reserved 272384K
  class space    used 2516K, capacity 2701K, committed 2816K, reserved 253952K
}
Event: 14.751 GC heap before
{Heap before GC invocations=3 (full 0):
 garbage-first heap   total 262144K, used 46768K [0x00000000e0000000, 0x0000000100000000)
  region size 1024K, 40 young (40960K), 11 survivors (11264K)
 Metaspace       used 23058K, capacity 23622K, committed 23680K, reserved 274432K
  class space    used 2945K, capacity 3150K, committed 3200K, reserved 253952K
}
Event: 14.762 GC heap after
{Heap after GC invocations=4 (full 0):
 garbage-first heap   total 262144K, used 18549K [0x00000000e0000000, 0x0000000100000000)
  region size 1024K, 2 young (2048K), 2 survivors (2048K)
 Metaspace       used 23058K, capacity 23622K, committed 23680K, reserved 274432K
  class space    used 2945K, capacity 3150K, committed 3200K, reserved 253952K
}
Event: 20.309 GC heap before
{Heap before GC invocations=4 (full 0):
 garbage-first heap   total 262144K, used 106613K [0x00000000e0000000, 0x0000000100000000)
  region size 1024K, 89 young (91136K), 2 survivors (2048K)
 Metaspace       used 32406K, capacity 33329K, committed 33664K, reserved 284672K
  class space    used 4312K, capacity 4629K, committed 4736K, reserved 253952K
}
Event: 20.318 GC heap after
{Heap after GC invocations=5 (full 0):
 garbage-first heap   total 262144K, used 23023K [0x00000000e0000000, 0x0000000100000000)
  region size 1024K, 6 young (6144K), 6 survivors (6144K)
 Metaspace       used 32406K, capacity 33329K, committed 33664K, reserved 284672K
  class space    used 4312K, capacity 4629K, committed 4736K, reserved 253952K
}
Event: 21.634 GC heap before
{Heap before GC invocations=5 (full 0):
 garbage-first heap   total 262144K, used 42479K [0x00000000e0000000, 0x0000000100000000)
  region size 1024K, 26 young (26624K), 6 survivors (6144K)
 Metaspace       used 34837K, capacity 35745K, committed 35840K, reserved 286720K
  class space    used 4657K, capacity 4986K, committed 4992K, reserved 253952K
}
Event: 21.645 GC heap after
{Heap after GC invocations=6 (full 0):
 garbage-first heap   total 262144K, used 23888K [0x00000000e0000000, 0x0000000100000000)
  region size 1024K, 7 young (7168K), 7 survivors (7168K)
 Metaspace       used 34837K, capacity 35745K, committed 35840K, reserved 286720K
  class space    used 4657K, capacity 4986K, committed 4992K, reserved 253952K
}

