# JRE version: OpenJDK Runtime Environment Temurin-17.0.13+11 (17.0.13+11) (build 17.0.13+11)
# Java VM: OpenJDK 64-Bit Server VM Temurin-17.0.13+11 (17.0.13+11, mixed mode, tiered, compressed oops, compressed class ptrs, parallel gc, windows-amd64)
GC Precious Log:
 CPUs: 8 total, 8 available
 Memory: 6060M
 Large Page Support: Disabled
 NUMA Support: Disabled
 Compressed Oops: Enabled (32-bit)
 Alignments: Space 512K, Generation 512K, Heap 2M
 Heap Min Capacity: 100M
 Heap Initial Capacity: 100M
 Heap Max Capacity: 1G
 Pre-touch: Disabled
 Parallel Workers: 8
Heap:
 PSYoungGen      total 17920K, used 9905K [0x00000000eab00000, 0x00000000ec880000, 0x0000000100000000)
  eden space 15872K, 49% used [0x00000000eab00000,0x00000000eb2ae340,0x00000000eba80000)
  from space 2048K, 99% used [0x00000000ec000000,0x00000000ec1fe258,0x00000000ec200000)
  to   space 5632K, 0% used [0x00000000eba80000,0x00000000eba80000,0x00000000ec000000)
 ParOldGen       total 68608K, used 39777K [0x00000000c0000000, 0x00000000c4300000, 0x00000000eab00000)
  object space 68608K, 57% used [0x00000000c0000000,0x00000000c26d8540,0x00000000c4300000)
 Metaspace       used 50779K, committed 51584K, reserved 1114112K
  class space    used 5033K, committed 5376K, reserved 1048576K
GC Heap History (20 events):
Event: 16.718 GC heap before
{Heap before GC invocations=19 (full 2):
 PSYoungGen      total 23040K, used 22933K [0x00000000eab00000, 0x00000000ec400000, 0x0000000100000000)
  eden space 22016K, 99% used [0x00000000eab00000,0x00000000ec07ebc8,0x00000000ec080000)
  from space 1024K, 90% used [0x00000000ec300000,0x00000000ec3e6b08,0x00000000ec400000)
  to   space 1024K, 0% used [0x00000000ec100000,0x00000000ec100000,0x00000000ec200000)
 ParOldGen       total 68608K, used 22889K [0x00000000c0000000, 0x00000000c4300000, 0x00000000eab00000)
  object space 68608K, 33% used [0x00000000c0000000,0x00000000c165a760,0x00000000c4300000)
 Metaspace       used 43224K, committed 43968K, reserved 1114112K
  class space    used 4386K, committed 4736K, reserved 1048576K
}
Event: 16.721 GC heap after
{Heap after GC invocations=19 (full 2):
 PSYoungGen      total 23040K, used 322K [0x00000000eab00000, 0x00000000ec380000, 0x0000000100000000)
  eden space 22016K, 0% used [0x00000000eab00000,0x00000000eab00000,0x00000000ec080000)
  from space 1024K, 31% used [0x00000000ec100000,0x00000000ec150af0,0x00000000ec200000)
  to   space 1024K, 0% used [0x00000000ec280000,0x00000000ec280000,0x00000000ec380000)
 ParOldGen       total 68608K, used 23533K [0x00000000c0000000, 0x00000000c4300000, 0x00000000eab00000)
  object space 68608K, 34% used [0x00000000c0000000,0x00000000c16fb470,0x00000000c4300000)
 Metaspace       used 43224K, committed 43968K, reserved 1114112K
  class space    used 4386K, committed 4736K, reserved 1048576K
}
Event: 17.275 GC heap before
{Heap before GC invocations=20 (full 2):
 PSYoungGen      total 23040K, used 22338K [0x00000000eab00000, 0x00000000ec380000, 0x0000000100000000)
  eden space 22016K, 100% used [0x00000000eab00000,0x00000000ec080000,0x00000000ec080000)
  from space 1024K, 31% used [0x00000000ec100000,0x00000000ec150af0,0x00000000ec200000)
  to   space 1024K, 0% used [0x00000000ec280000,0x00000000ec280000,0x00000000ec380000)
 ParOldGen       total 68608K, used 23533K [0x00000000c0000000, 0x00000000c4300000, 0x00000000eab00000)
  object space 68608K, 34% used [0x00000000c0000000,0x00000000c16fb470,0x00000000c4300000)
 Metaspace       used 45382K, committed 46272K, reserved 1114112K
  class space    used 4584K, committed 4992K, reserved 1048576K
}
Event: 17.277 GC heap after
{Heap after GC invocations=20 (full 2):
 PSYoungGen      total 23040K, used 608K [0x00000000eab00000, 0x00000000ec380000, 0x0000000100000000)
  eden space 22016K, 0% used [0x00000000eab00000,0x00000000eab00000,0x00000000ec080000)
  from space 1024K, 59% used [0x00000000ec280000,0x00000000ec318000,0x00000000ec380000)
  to   space 1024K, 0% used [0x00000000ec100000,0x00000000ec100000,0x00000000ec200000)
 ParOldGen       total 68608K, used 23565K [0x00000000c0000000, 0x00000000c4300000, 0x00000000eab00000)
  object space 68608K, 34% used [0x00000000c0000000,0x00000000c1703470,0x00000000c4300000)
 Metaspace       used 45382K, committed 46272K, reserved 1114112K
  class space    used 4584K, committed 4992K, reserved 1048576K
}
Event: 17.808 GC heap before
{Heap before GC invocations=21 (full 2):
 PSYoungGen      total 23040K, used 22624K [0x00000000eab00000, 0x00000000ec380000, 0x0000000100000000)
  eden space 22016K, 100% used [0x00000000eab00000,0x00000000ec080000,0x00000000ec080000)
  from space 1024K, 59% used [0x00000000ec280000,0x00000000ec318000,0x00000000ec380000)
  to   space 1024K, 0% used [0x00000000ec100000,0x00000000ec100000,0x00000000ec200000)
 ParOldGen       total 68608K, used 23565K [0x00000000c0000000, 0x00000000c4300000, 0x00000000eab00000)
  object space 68608K, 34% used [0x00000000c0000000,0x00000000c1703470,0x00000000c4300000)
 Metaspace       used 46183K, committed 46976K, reserved 1114112K
  class space    used 4650K, committed 4992K, reserved 1048576K
}
Event: 17.812 GC heap after
{Heap after GC invocations=21 (full 2):
 PSYoungGen      total 23040K, used 1008K [0x00000000eab00000, 0x00000000ec680000, 0x0000000100000000)
  eden space 22016K, 0% used [0x00000000eab00000,0x00000000eab00000,0x00000000ec080000)
  from space 1024K, 98% used [0x00000000ec100000,0x00000000ec1fc020,0x00000000ec200000)
  to   space 3072K, 0% used [0x00000000ec380000,0x00000000ec380000,0x00000000ec680000)
 ParOldGen       total 68608K, used 25218K [0x00000000c0000000, 0x00000000c4300000, 0x00000000eab00000)
  object space 68608K, 36% used [0x00000000c0000000,0x00000000c18a0ac0,0x00000000c4300000)
 Metaspace       used 46183K, committed 46976K, reserved 1114112K
  class space    used 4650K, committed 4992K, reserved 1048576K
}
Event: 17.894 GC heap before
{Heap before GC invocations=22 (full 2):
 PSYoungGen      total 23040K, used 23024K [0x00000000eab00000, 0x00000000ec680000, 0x0000000100000000)
  eden space 22016K, 99% used [0x00000000eab00000,0x00000000ec07fff0,0x00000000ec080000)
  from space 1024K, 98% used [0x00000000ec100000,0x00000000ec1fc020,0x00000000ec200000)
  to   space 3072K, 0% used [0x00000000ec380000,0x00000000ec380000,0x00000000ec680000)
 ParOldGen       total 68608K, used 25218K [0x00000000c0000000, 0x00000000c4300000, 0x00000000eab00000)
  object space 68608K, 36% used [0x00000000c0000000,0x00000000c18a0ac0,0x00000000c4300000)
 Metaspace       used 46185K, committed 46976K, reserved 1114112K
  class space    used 4650K, committed 4992K, reserved 1048576K
}
Event: 17.902 GC heap after
{Heap after GC invocations=22 (full 2):
 PSYoungGen      total 25088K, used 2688K [0x00000000eab00000, 0x00000000ec680000, 0x0000000100000000)
  eden space 22016K, 0% used [0x00000000eab00000,0x00000000eab00000,0x00000000ec080000)
  from space 3072K, 87% used [0x00000000ec380000,0x00000000ec620010,0x00000000ec680000)
  to   space 3072K, 0% used [0x00000000ec080000,0x00000000ec080000,0x00000000ec380000)
 ParOldGen       total 68608K, used 26250K [0x00000000c0000000, 0x00000000c4300000, 0x00000000eab00000)
  object space 68608K, 38% used [0x00000000c0000000,0x00000000c19a2aa0,0x00000000c4300000)
 Metaspace       used 46185K, committed 46976K, reserved 1114112K
  class space    used 4650K, committed 4992K, reserved 1048576K
}
Event: 18.053 GC heap before
{Heap before GC invocations=23 (full 2):
 PSYoungGen      total 25088K, used 24704K [0x00000000eab00000, 0x00000000ec680000, 0x0000000100000000)
  eden space 22016K, 100% used [0x00000000eab00000,0x00000000ec080000,0x00000000ec080000)
  from space 3072K, 87% used [0x00000000ec380000,0x00000000ec620010,0x00000000ec680000)
  to   space 3072K, 0% used [0x00000000ec080000,0x00000000ec080000,0x00000000ec380000)
 ParOldGen       total 68608K, used 26250K [0x00000000c0000000, 0x00000000c4300000, 0x00000000eab00000)
  object space 68608K, 38% used [0x00000000c0000000,0x00000000c19a2aa0,0x00000000c4300000)
 Metaspace       used 46259K, committed 47104K, reserved 1114112K
  class space    used 4654K, committed 4992K, reserved 1048576K
}
Event: 18.060 GC heap after
{Heap after GC invocations=23 (full 2):
 PSYoungGen      total 24576K, used 2304K [0x00000000eab00000, 0x00000000ec580000, 0x0000000100000000)
  eden space 22016K, 0% used [0x00000000eab00000,0x00000000eab00000,0x00000000ec080000)
  from space 2560K, 90% used [0x00000000ec080000,0x00000000ec2c0000,0x00000000ec300000)
  to   space 2560K, 0% used [0x00000000ec300000,0x00000000ec300000,0x00000000ec580000)
 ParOldGen       total 68608K, used 28810K [0x00000000c0000000, 0x00000000c4300000, 0x00000000eab00000)
  object space 68608K, 41% used [0x00000000c0000000,0x00000000c1c22ab0,0x00000000c4300000)
 Metaspace       used 46259K, committed 47104K, reserved 1114112K
  class space    used 4654K, committed 4992K, reserved 1048576K
}
Event: 18.637 GC heap before
{Heap before GC invocations=24 (full 2):
 PSYoungGen      total 24576K, used 24320K [0x00000000eab00000, 0x00000000ec580000, 0x0000000100000000)
  eden space 22016K, 100% used [0x00000000eab00000,0x00000000ec080000,0x00000000ec080000)
  from space 2560K, 90% used [0x00000000ec080000,0x00000000ec2c0000,0x00000000ec300000)
  to   space 2560K, 0% used [0x00000000ec300000,0x00000000ec300000,0x00000000ec580000)
 ParOldGen       total 68608K, used 28810K [0x00000000c0000000, 0x00000000c4300000, 0x00000000eab00000)
  object space 68608K, 41% used [0x00000000c0000000,0x00000000c1c22ab0,0x00000000c4300000)
 Metaspace       used 47493K, committed 48320K, reserved 1114112K
  class space    used 4794K, committed 5184K, reserved 1048576K
}
Event: 18.644 GC heap after
{Heap after GC invocations=24 (full 2):
 PSYoungGen      total 21504K, used 2551K [0x00000000eab00000, 0x00000000ecb80000, 0x0000000100000000)
  eden space 18944K, 0% used [0x00000000eab00000,0x00000000eab00000,0x00000000ebd80000)
  from space 2560K, 99% used [0x00000000ec300000,0x00000000ec57dee0,0x00000000ec580000)
  to   space 5632K, 0% used [0x00000000ebd80000,0x00000000ebd80000,0x00000000ec300000)
 ParOldGen       total 68608K, used 31336K [0x00000000c0000000, 0x00000000c4300000, 0x00000000eab00000)
  object space 68608K, 45% used [0x00000000c0000000,0x00000000c1e9a160,0x00000000c4300000)
 Metaspace       used 47493K, committed 48320K, reserved 1114112K
  class space    used 4794K, committed 5184K, reserved 1048576K
}
Event: 45.338 GC heap before
{Heap before GC invocations=25 (full 2):
 PSYoungGen      total 21504K, used 21495K [0x00000000eab00000, 0x00000000ecb80000, 0x0000000100000000)
  eden space 18944K, 100% used [0x00000000eab00000,0x00000000ebd80000,0x00000000ebd80000)
  from space 2560K, 99% used [0x00000000ec300000,0x00000000ec57dee0,0x00000000ec580000)
  to   space 5632K, 0% used [0x00000000ebd80000,0x00000000ebd80000,0x00000000ec300000)
 ParOldGen       total 68608K, used 31336K [0x00000000c0000000, 0x00000000c4300000, 0x00000000eab00000)
  object space 68608K, 45% used [0x00000000c0000000,0x00000000c1e9a160,0x00000000c4300000)
 Metaspace       used 49545K, committed 50432K, reserved 1114112K
  class space    used 5005K, committed 5376K, reserved 1048576K
}
Event: 45.349 GC heap after
{Heap after GC invocations=25 (full 2):
 PSYoungGen      total 22016K, used 2937K [0x00000000eab00000, 0x00000000ec580000, 0x0000000100000000)
  eden space 18944K, 0% used [0x00000000eab00000,0x00000000eab00000,0x00000000ebd80000)
  from space 3072K, 95% used [0x00000000ebd80000,0x00000000ec05e688,0x00000000ec080000)
  to   space 4096K, 0% used [0x00000000ec180000,0x00000000ec180000,0x00000000ec580000)
 ParOldGen       total 68608K, used 33687K [0x00000000c0000000, 0x00000000c4300000, 0x00000000eab00000)
  object space 68608K, 49% used [0x00000000c0000000,0x00000000c20e5e00,0x00000000c4300000)
 Metaspace       used 49545K, committed 50432K, reserved 1114112K
  class space    used 5005K, committed 5376K, reserved 1048576K
}
Event: 123.184 GC heap before
{Heap before GC invocations=26 (full 2):
 PSYoungGen      total 22016K, used 21881K [0x00000000eab00000, 0x00000000ec580000, 0x0000000100000000)
  eden space 18944K, 99% used [0x00000000eab00000,0x00000000ebd7fff0,0x00000000ebd80000)
  from space 3072K, 95% used [0x00000000ebd80000,0x00000000ec05e688,0x00000000ec080000)
  to   space 4096K, 0% used [0x00000000ec180000,0x00000000ec180000,0x00000000ec580000)
 ParOldGen       total 68608K, used 33687K [0x00000000c0000000, 0x00000000c4300000, 0x00000000eab00000)
  object space 68608K, 49% used [0x00000000c0000000,0x00000000c20e5e00,0x00000000c4300000)
 Metaspace       used 50080K, committed 50944K, reserved 1114112K
  class space    used 5019K, committed 5376K, reserved 1048576K
}
Event: 123.221 GC heap after
{Heap after GC invocations=26 (full 2):
 PSYoungGen      total 21504K, used 2278K [0x00000000eab00000, 0x00000000ec400000, 0x0000000100000000)
  eden space 18944K, 0% used [0x00000000eab00000,0x00000000eab00000,0x00000000ebd80000)
  from space 2560K, 89% used [0x00000000ec180000,0x00000000ec3b99b0,0x00000000ec400000)
  to   space 3072K, 0% used [0x00000000ebe00000,0x00000000ebe00000,0x00000000ec100000)
 ParOldGen       total 68608K, used 35986K [0x00000000c0000000, 0x00000000c4300000, 0x00000000eab00000)
  object space 68608K, 52% used [0x00000000c0000000,0x00000000c2324bc0,0x00000000c4300000)
 Metaspace       used 50080K, committed 50944K, reserved 1114112K
  class space    used 5019K, committed 5376K, reserved 1048576K
}
Event: 141.213 GC heap before
{Heap before GC invocations=27 (full 2):
 PSYoungGen      total 21504K, used 21222K [0x00000000eab00000, 0x00000000ec400000, 0x0000000100000000)
  eden space 18944K, 100% used [0x00000000eab00000,0x00000000ebd80000,0x00000000ebd80000)
  from space 2560K, 89% used [0x00000000ec180000,0x00000000ec3b99b0,0x00000000ec400000)
  to   space 3072K, 0% used [0x00000000ebe00000,0x00000000ebe00000,0x00000000ec100000)
 ParOldGen       total 68608K, used 35986K [0x00000000c0000000, 0x00000000c4300000, 0x00000000eab00000)
  object space 68608K, 52% used [0x00000000c0000000,0x00000000c2324bc0,0x00000000c4300000)
 Metaspace       used 50589K, committed 51392K, reserved 1114112K
  class space    used 5028K, committed 5376K, reserved 1048576K
}
Event: 141.217 GC heap after
{Heap after GC invocations=27 (full 2):
 PSYoungGen      total 20480K, used 1440K [0x00000000eab00000, 0x00000000ec200000, 0x0000000100000000)
  eden space 18944K, 0% used [0x00000000eab00000,0x00000000eab00000,0x00000000ebd80000)
  from space 1536K, 93% used [0x00000000ebe00000,0x00000000ebf68060,0x00000000ebf80000)
  to   space 2048K, 0% used [0x00000000ec000000,0x00000000ec000000,0x00000000ec200000)
 ParOldGen       total 68608K, used 37145K [0x00000000c0000000, 0x00000000c4300000, 0x00000000eab00000)
  object space 68608K, 54% used [0x00000000c0000000,0x00000000c24464c0,0x00000000c4300000)
 Metaspace       used 50589K, committed 51392K, reserved 1114112K
  class space    used 5028K, committed 5376K, reserved 1048576K
}
Event: 144.407 GC heap before
{Heap before GC invocations=28 (full 2):
 PSYoungGen      total 20480K, used 20384K [0x00000000eab00000, 0x00000000ec200000, 0x0000000100000000)
  eden space 18944K, 100% used [0x00000000eab00000,0x00000000ebd80000,0x00000000ebd80000)
  from space 1536K, 93% used [0x00000000ebe00000,0x00000000ebf68060,0x00000000ebf80000)
  to   space 2048K, 0% used [0x00000000ec000000,0x00000000ec000000,0x00000000ec200000)
 ParOldGen       total 68608K, used 37145K [0x00000000c0000000, 0x00000000c4300000, 0x00000000eab00000)
  object space 68608K, 54% used [0x00000000c0000000,0x00000000c24464c0,0x00000000c4300000)
 Metaspace       used 50763K, committed 51584K, reserved 1114112K
  class space    used 5033K, committed 5376K, reserved 1048576K
}
Event: 144.416 GC heap after
{Heap after GC invocations=28 (full 2):
 PSYoungGen      total 17920K, used 2040K [0x00000000eab00000, 0x00000000ec880000, 0x0000000100000000)
  eden space 15872K, 0% used [0x00000000eab00000,0x00000000eab00000,0x00000000eba80000)
  from space 2048K, 99% used [0x00000000ec000000,0x00000000ec1fe258,0x00000000ec200000)
  to   space 5632K, 0% used [0x00000000eba80000,0x00000000eba80000,0x00000000ec000000)
 ParOldGen       total 68608K, used 39777K [0x00000000c0000000, 0x00000000c4300000, 0x00000000eab00000)
  object space 68608K, 57% used [0x00000000c0000000,0x00000000c26d8540,0x00000000c4300000)
 Metaspace       used 50763K, committed 51584K, reserved 1114112K
  class space    used 5033K, committed 5376K, reserved 1048576K
}

