<?xml version="1.0" encoding="UTF-8"?>
<testng-results total="1" passed="1" failed="0" skipped="0">
  <reporter-output>
  </reporter-output>
  <suite started-at="2024-12-08T07:23:01Z" name="Test Suite for Buildout" finished-at="2024-12-08T07:23:15Z" duration-ms="13527">
    <groups>
    </groups>
    <test started-at="2024-12-08T07:23:01Z" name="Test Cases for Buildout" finished-at="2024-12-08T07:23:15Z" duration-ms="13527">
      <class name="demo.TestCases">
        <test-method is-config="true" signature="startBrowser()[pri:0, instance:demo.TestCases@4b9df8a]" started-at="2024-12-08T12:53:01Z" name="startBrowser" finished-at="2024-12-08T12:53:08Z" duration-ms="6422" status="PASS">
          <reporter-output>
          </reporter-output>
        </test-method> <!-- startBrowser -->
        <test-method signature="testCase01(java.lang.String, java.lang.String, java.lang.String, [Ljava.lang.String;, java.lang.String, java.lang.String, java.lang.String)[pri:0, instance:demo.TestCases@4b9df8a]" started-at="2024-12-08T12:53:08Z" name="testCase01" data-provider="formInputs" finished-at="2024-12-08T12:53:14Z" duration-ms="6280" status="PASS">
          <params>
            <param index="0">
              <value>
                <![CDATA[Crio Learner]]>
              </value>
            </param>
            <param index="1">
              <value>
                <![CDATA[I want to be the best QA Engineer! ]]>
              </value>
            </param>
            <param index="2">
              <value>
                <![CDATA[1]]>
              </value>
            </param>
            <param index="3">
              <value>
                <![CDATA[[Ljava.lang.String;@4a325eb9]]>
              </value>
            </param>
            <param index="4">
              <value>
                <![CDATA[Mr]]>
              </value>
            </param>
            <param index="5">
              <value>
                <![CDATA[06-12-2024]]>
              </value>
            </param>
            <param index="6">
              <value>
                <![CDATA[07:30]]>
              </value>
            </param>
          </params>
          <reporter-output>
          </reporter-output>
        </test-method> <!-- testCase01 -->
        <test-method is-config="true" signature="endTest()[pri:0, instance:demo.TestCases@4b9df8a]" started-at="2024-12-08T12:53:14Z" name="endTest" finished-at="2024-12-08T12:53:15Z" duration-ms="811" status="PASS">
          <reporter-output>
          </reporter-output>
        </test-method> <!-- endTest -->
      </class> <!-- demo.TestCases -->
    </test> <!-- Test Cases for Buildout -->
  </suite> <!-- Test Suite for Buildout -->
</testng-results>
